\BOOKMARK [1][-]{section.2}{\376\377\000I\000n\000t\000r\000o\000d\000u\000c\000t\000i\000o\000n}{}% 1
\BOOKMARK [1][-]{section.3}{\376\377\000E\000x\000p\000e\000r\000i\000m\000e\000n\000t\000a\000l\000\040\000S\000e\000t\000u\000p}{}% 2
\BOOKMARK [2][-]{subsection.4}{\376\377\000H\000a\000r\000d\000w\000a\000r\000e}{section.3}% 3
\BOOKMARK [2][-]{subsection.5}{\376\377\000S\000o\000f\000t\000w\000a\000r\000e}{section.3}% 4
\BOOKMARK [2][-]{subsection.6}{\376\377\000M\000o\000d\000e\000l\000\040\000C\000o\000n\000f\000i\000g\000u\000r\000a\000t\000i\000o\000n\000s}{section.3}% 5
\BOOKMARK [2][-]{subsection.8}{\376\377\000M\000e\000t\000h\000o\000d\000o\000l\000o\000g\000y}{section.3}% 6
\BOOKMARK [1][-]{section.10}{\376\377\000A\000t\000t\000e\000n\000t\000i\000o\000n\000\040\000K\000e\000r\000n\000e\000l\000\040\000V\000a\000l\000i\000d\000a\000t\000i\000o\000n}{}% 7
\BOOKMARK [2][-]{subsection.11}{\376\377\000D\000e\000c\000o\000d\000e\000:\000\040\000B\000a\000n\000d\000w\000i\000d\000t\000h\000\040\000S\000c\000a\000l\000i\000n\000g}{section.10}% 8
\BOOKMARK [2][-]{subsection.15}{\376\377\000D\000e\000c\000o\000d\000e\000:\000\040\000N\000C\000U\000\040\000A\000n\000a\000l\000y\000s\000i\000s}{section.10}% 9
\BOOKMARK [2][-]{subsection.17}{\376\377\000P\000r\000e\000f\000i\000l\000l\000:\000\040\000T\000F\000L\000O\000P\000S\000\040\000S\000c\000a\000l\000i\000n\000g}{section.10}% 10
\BOOKMARK [2][-]{subsection.20}{\376\377\000P\000r\000e\000f\000i\000l\000l\000:\000\040\000N\000C\000U\000\040\000R\000o\000o\000t\000\040\000C\000a\000u\000s\000e\000\040\000A\000n\000a\000l\000y\000s\000i\000s}{section.10}% 11
\BOOKMARK [3][-]{subsubsection.22}{\376\377\000F\000i\000n\000d\000i\000n\000g\000:\000\040\000T\000M\000A\000\040\000v\000s\000.\000\040\000G\000l\000o\000b\000a\000l\000\040\000L\000o\000a\000d\000s\000\040\000\050\000N\000o\000t\000\040\000`\000`\000C\000a\000c\000h\000e\000\040\000H\000i\000t\000\040\000R\000a\000t\000e\000'\000'\000\051}{subsection.20}% 12
\BOOKMARK [3][-]{subsubsection.23}{\376\377\000F\000i\000n\000d\000i\000n\000g\000:\000\040\000N\000o\000\040\000R\000e\000g\000i\000s\000t\000e\000r\000\040\000S\000p\000i\000l\000l\000s\000\040\000\050\000O\000c\000c\000u\000p\000a\000n\000c\000y\000-\000O\000n\000l\000y\000\040\000B\000o\000t\000t\000l\000e\000n\000e\000c\000k\000\051}{subsection.20}% 13
\BOOKMARK [3][-]{subsubsection.27}{\376\377\000F\000i\000n\000d\000i\000n\000g\000:\000\040\000C\000o\000o\000p\000e\000r\000a\000t\000i\000v\000e\000\040\000G\000r\000i\000d\000\040\000v\000s\000.\000\040\000W\000a\000v\000e\000\040\000Q\000u\000a\000n\000t\000i\000z\000a\000t\000i\000o\000n}{subsection.20}% 14
\BOOKMARK [1][-]{section.28}{\376\377\000T\000h\000e\000\040\000M\000L\000A\000\040\000R\000e\000c\000o\000n\000s\000t\000r\000u\000c\000t\000i\000o\000n\000\040\000B\000o\000t\000t\000l\000e\000n\000e\000c\000k}{}% 15
\BOOKMARK [2][-]{subsection.29}{\376\377\000C\000o\000s\000t\000\040\000B\000r\000e\000a\000k\000d\000o\000w\000n\000:\000\040\000D\000e\000e\000p\000S\000e\000e\000k\000-\000V\0003\000\040\000A\000r\000c\000h\000i\000t\000e\000c\000t\000u\000r\000e}{section.28}% 16
\BOOKMARK [2][-]{subsection.32}{\376\377\000R\000o\000o\000f\000l\000i\000n\000e\000\040\000A\000n\000a\000l\000y\000s\000i\000s\000:\000\040\000M\000e\000m\000o\000r\000y\000-\000B\000o\000u\000n\000d\000\040\000a\000t\000\040\000A\000l\000l\000\040\000B\000a\000t\000c\000h\000\040\000S\000i\000z\000e\000s}{section.28}% 17
\BOOKMARK [1][-]{section.35}{\376\377\000I\000N\000T\0004\000\040\000M\000i\000t\000i\000g\000a\000t\000i\000o\000n\000\040\000a\000n\000d\000\040\000t\000h\000e\000\040\000L\0002\000\040\000C\000a\000c\000h\000e\000\040\000B\000a\000r\000r\000i\000e\000r}{}% 18
\BOOKMARK [2][-]{subsection.36}{\376\377\000P\000e\000r\000p\000l\000e\000x\000i\000t\000y\000\040\000E\000v\000a\000l\000u\000a\000t\000i\000o\000n}{section.35}% 19
\BOOKMARK [2][-]{subsection.39}{\376\377\000W\000h\000y\000\040\000R\000e\000c\000o\000n\000s\000t\000r\000u\000c\000t\000i\000o\000n\000\040\000W\000e\000i\000g\000h\000t\000s\000\040\000A\000r\000e\000\040\000Q\000u\000a\000n\000t\000i\000z\000a\000t\000i\000o\000n\000-\000F\000r\000i\000e\000n\000d\000l\000y}{section.35}% 20
\BOOKMARK [2][-]{subsection.43}{\376\377\000T\000h\000e\000o\000r\000e\000t\000i\000c\000a\000l\000\040\000S\000p\000e\000e\000d\000u\000p}{section.35}% 21
\BOOKMARK [2][-]{subsection.46}{\376\377\000M\000e\000a\000s\000u\000r\000e\000d\000\040\000K\000e\000r\000n\000e\000l\000\040\000P\000e\000r\000f\000o\000r\000m\000a\000n\000c\000e}{section.35}% 22
\BOOKMARK [2][-]{subsection.49}{\376\377\000T\000h\000e\000\040\000L\0002\000\040\000C\000a\000c\000h\000e\000\040\000B\000a\000r\000r\000i\000e\000r\000:\000\040\000W\000h\000y\000\040\000R\000o\000o\000f\000l\000i\000n\000e\000\040\000F\000a\000i\000l\000s\000\040\000f\000o\000r\000\040\000S\000m\000a\000l\000l\000-\000M\000a\000t\000r\000i\000x\000\040\000M\000L\000A\000\040\000R\000e\000c\000o\000n\000s\000t\000r\000u\000c\000t\000i\000o\000n}{section.35}% 23
\BOOKMARK [1][-]{section.52}{\376\377\000E\000n\000d\000-\000t\000o\000-\000E\000n\000d\000\040\000C\000o\000n\000t\000e\000x\000t}{}% 24
\BOOKMARK [1][-]{section.55}{\376\377\000R\000e\000p\000r\000o\000d\000u\000c\000i\000b\000i\000l\000i\000t\000y}{}% 25
\BOOKMARK [1][-]{section.57}{\376\377\000D\000i\000s\000c\000u\000s\000s\000i\000o\000n}{}% 26
\BOOKMARK [2][-]{subsection.58}{\376\377\000I\000m\000p\000l\000i\000c\000a\000t\000i\000o\000n\000s\000\040\000f\000o\000r\000\040\000C\000o\000m\000p\000i\000l\000e\000r\000-\000G\000e\000n\000e\000r\000a\000t\000e\000d\000\040\000A\000t\000t\000e\000n\000t\000i\000o\000n}{section.57}% 27
\BOOKMARK [2][-]{subsection.62}{\376\377\000T\000h\000e\000\040\000O\000c\000c\000u\000p\000a\000n\000c\000y\000\040\000P\000a\000r\000a\000d\000o\000x\000\040\000a\000s\000\040\000D\000e\000s\000i\000g\000n\000\040\000P\000r\000i\000n\000c\000i\000p\000l\000e}{section.57}% 28
\BOOKMARK [2][-]{subsection.63}{\376\377\000M\000L\000A\000:\000\040\000C\000o\000m\000p\000r\000e\000s\000s\000i\000o\000n\000\040\000S\000h\000i\000f\000t\000s\000\040\000t\000h\000e\000\040\000B\000o\000t\000t\000l\000e\000n\000e\000c\000k}{section.57}% 29
\BOOKMARK [2][-]{subsection.64}{\376\377\000S\000e\000l\000e\000c\000t\000i\000v\000e\000\040\000Q\000u\000a\000n\000t\000i\000z\000a\000t\000i\000o\000n\000:\000\040\000Q\000u\000a\000l\000i\000t\000y\000\040\000R\000e\000s\000u\000l\000t}{section.57}% 30
\BOOKMARK [2][-]{subsection.65}{\376\377\000L\000i\000m\000i\000t\000a\000t\000i\000o\000n\000s}{section.57}% 31
\BOOKMARK [1][-]{section.66}{\376\377\000R\000e\000l\000a\000t\000e\000d\000\040\000W\000o\000r\000k}{}% 32
\BOOKMARK [1][-]{section.67}{\376\377\000C\000o\000n\000c\000l\000u\000s\000i\000o\000n}{}% 33
